<?xml version="1.0" encoding="UTF-8"?>
<!-- Generated by org.testng.reporters.JUnitReportReporter -->
<testsuite hostname="Dmitrys-MacBook-Pro.local" name="com.magnet.mmx.selenium.WizardStandardInstall_TestNG" tests="1" failures="0" timestamp="27 Apr 2015 17:59:40 GMT" time="97.154" errors="0">
  <testcase name="test_2_ConfigurationReset_Logs" time="97.154" classname="com.magnet.mmx.selenium.WizardStandardInstall_TestNG"/>
</testsuite> <!-- com.magnet.mmx.selenium.WizardStandardInstall_TestNG -->
