<?xml version="1.0" encoding="UTF-8"?>
<!-- Generated by org.testng.reporters.JUnitReportReporter -->
<testsuite hostname="Dmitrys-MacBook-Pro.local" name="com.magnet.mmx.selenium.WizardCustomInstall_TestNG$ExecuteStopServer$ExecuteStartServer" tests="1" failures="1" timestamp="27 Apr 2015 05:17:28 GMT" time="0.001" errors="0">
  <testcase name="startServer" time="0.001" classname="com.magnet.mmx.selenium.WizardCustomInstall_TestNG$ExecuteStopServer$ExecuteStartServer">
    <failure type="org.testng.TestNGException" message="
Can&#039;t invoke public void com.magnet.mmx.selenium.WizardCustomInstall_TestNG$ExecuteStopServer$ExecuteStartServer.startServer(): either make it static or add a no-args constructor to your class">
      <![CDATA[org.testng.TestNGException: 
Can't invoke public void com.magnet.mmx.selenium.WizardCustomInstall_TestNG$ExecuteStopServer$ExecuteStartServer.startServer(): either make it static or add a no-args constructor to your class
	at org.testng.internal.Utils.checkInstanceOrStatic(Utils.java:795)
	at org.testng.internal.MethodInvocationHelper.invokeMethod(MethodInvocationHelper.java:40)
	at org.testng.internal.Invoker.invokeMethod(Invoker.java:714)
	at org.testng.internal.Invoker.invokeTestMethod(Invoker.java:901)
	at org.testng.internal.Invoker.invokeTestMethods(Invoker.java:1231)
	at org.testng.internal.TestMethodWorker.invokeTestMethods(TestMethodWorker.java:127)
	at org.testng.internal.TestMethodWorker.run(TestMethodWorker.java:111)
	at org.testng.TestRunner.privateRun(TestRunner.java:767)
	at org.testng.TestRunner.run(TestRunner.java:617)
	at org.testng.SuiteRunner.runTest(SuiteRunner.java:334)
	at org.testng.SuiteRunner.runSequentially(SuiteRunner.java:329)
	at org.testng.SuiteRunner.privateRun(SuiteRunner.java:291)
	at org.testng.SuiteRunner.run(SuiteRunner.java:240)
	at org.testng.SuiteRunnerWorker.runSuite(SuiteRunnerWorker.java:52)
	at org.testng.SuiteRunnerWorker.run(SuiteRunnerWorker.java:86)
	at org.testng.TestNG.runSuitesSequentially(TestNG.java:1224)
	at org.testng.TestNG.runSuitesLocally(TestNG.java:1149)
	at org.testng.TestNG.run(TestNG.java:1057)
	at org.testng.remote.RemoteTestNG.run(RemoteTestNG.java:111)
	at org.testng.remote.RemoteTestNG.initAndRun(RemoteTestNG.java:204)
	at org.testng.remote.RemoteTestNG.main(RemoteTestNG.java:175)
]]>
    </failure>
  </testcase> <!-- startServer -->
</testsuite> <!-- com.magnet.mmx.selenium.WizardCustomInstall_TestNG$ExecuteStopServer$ExecuteStartServer -->
