<?xml version="1.0" encoding="UTF-8"?>
<!-- Generated by org.testng.reporters.JUnitReportReporter -->
<testsuite hostname="Dmitrys-MacBook-Pro.local" name="com.magnet.mmx.selenium.WizardCustomInstall_TestNG$ExecuteStopServer" tests="1" failures="0" timestamp="27 Apr 2015 05:17:28 GMT" time="0.004" errors="0">
  <testcase name="stopServer" time="0.004" classname="com.magnet.mmx.selenium.WizardCustomInstall_TestNG$ExecuteStopServer"/>
</testsuite> <!-- com.magnet.mmx.selenium.WizardCustomInstall_TestNG$ExecuteStopServer -->
